2023-11-25 13:48:13,881 [INFO] Activator:176 - 


2023-11-25 13:48:13,886 [INFO] Activator:177 - !SESSION log4j initialized
2023-11-25 13:48:18,505 [INFO] LogOutputStream:77 - [STDOUT_REDIRECT] 
2023-11-25 13:48:20,714 [INFO] ApplicationProperties:184 - Using Application install path: C:\ST\STM32CubeIDE_1.13.2\STM32CubeIDE\plugins\com.st.stm32cube.common.mx_6.9.2.202309101412
2023-11-25 13:48:20,748 [INFO] DbMcusXml:78 - Set database path to: C:\ST\STM32CubeIDE_1.13.2\STM32CubeIDE\plugins\com.st.stm32cube.common.mx_6.9.2.202309101412\\db\/mcu/
2023-11-25 13:48:20,749 [INFO] ApiDb:274 - Set plugin database path to: C:\ST\STM32CubeIDE_1.13.2\STM32CubeIDE\plugins\com.st.stm32cube.common.mx_6.9.2.202309101412\\db\/plugins/boardmanager/
2023-11-25 13:48:20,750 [WARN] ApiDb:259 - Overriding images path with different value:  => C:\ST\STM32CubeIDE_1.13.2\STM32CubeIDE\plugins\com.st.stm32cube.common.mx_6.9.2.202309101412\\db\/plugins/mcufinder/images/
2023-11-25 13:48:20,789 [INFO] ApiDb:250 - Set database path to: C:\Users\maiha\.stmcufinder\plugins\mcufinder//mcu/
2023-11-25 13:48:20,793 [INFO] DbMcusAds:125 - Set database path to: C:\Users\maiha\.stmcufinder\plugins\mcufinder//mcu/
2023-11-25 13:48:20,795 [INFO] CrossReferenceDbSqlite:203 - Set database path to: C:\Users\maiha\.stmcufinder\plugins\mcufinder//mcu/cs/
2023-11-25 13:48:21,010 [INFO] RulesReader:64 - Compatibility file has been processed (293 Rules)
2023-11-25 13:48:21,162 [INFO] DbMcusXml:78 - Set database path to: C:\ST\STM32CubeIDE_1.13.2\STM32CubeIDE\plugins\com.st.stm32cube.common.mx_6.9.2.202309101412\\db\/mcu/
2023-11-25 13:48:21,163 [INFO] ApiDb:274 - Set plugin database path to: C:\ST\STM32CubeIDE_1.13.2\STM32CubeIDE\plugins\com.st.stm32cube.common.mx_6.9.2.202309101412\\db\/plugins/boardmanager/
2023-11-25 13:48:21,164 [INFO] ApiDb:261 - Set plugin images path to: C:\ST\STM32CubeIDE_1.13.2\STM32CubeIDE\plugins\com.st.stm32cube.common.mx_6.9.2.202309101412\\db\/plugins/mcufinder/images/
2023-11-25 13:48:21,165 [WARN] DbFile:41 - Overriding database path with different value: C:\Users\maiha\.stmcufinder\plugins\mcufinder/ => C:\Users\maiha\.stmcufinder\plugins\mcufinder
2023-11-25 13:48:21,166 [INFO] ApiDb:250 - Set database path to: C:\Users\maiha\.stmcufinder\plugins\mcufinder//mcu/
2023-11-25 13:48:21,166 [WARN] DbFile:41 - Overriding database path with different value: C:\Users\maiha\.stmcufinder\plugins\mcufinder/ => C:\Users\maiha\.stmcufinder\plugins\mcufinder
2023-11-25 13:48:21,166 [INFO] DbMcusAds:125 - Set database path to: C:\Users\maiha\.stmcufinder\plugins\mcufinder//mcu/
2023-11-25 13:48:21,166 [WARN] DbFile:41 - Overriding database path with different value: C:\Users\maiha\.stmcufinder\plugins\mcufinder/ => C:\Users\maiha\.stmcufinder\plugins\mcufinder
2023-11-25 13:48:21,166 [WARN] DbFile:41 - Overriding database path with different value: C:\Users\maiha\.stmcufinder\plugins\mcufinder/ => C:\Users\maiha\.stmcufinder\plugins\mcufinder
2023-11-25 13:48:21,167 [INFO] CrossReferenceDbSqlite:203 - Set database path to: C:\Users\maiha\.stmcufinder\plugins\mcufinder//mcu/cs/
2023-11-25 13:48:21,333 [INFO] MainPanel:262 - HeapMemory: 268435456
2023-11-25 13:48:21,510 [INFO] DbMcusXml:78 - Set database path to: C:\ST\STM32CubeIDE_1.13.2\STM32CubeIDE\plugins\com.st.stm32cube.common.mx_6.9.2.202309101412\\db\/mcu/
2023-11-25 13:48:21,510 [INFO] ApiDb:274 - Set plugin database path to: C:\ST\STM32CubeIDE_1.13.2\STM32CubeIDE\plugins\com.st.stm32cube.common.mx_6.9.2.202309101412\\db\/plugins/boardmanager/
2023-11-25 13:48:21,510 [INFO] ApiDb:261 - Set plugin images path to: C:\ST\STM32CubeIDE_1.13.2\STM32CubeIDE\plugins\com.st.stm32cube.common.mx_6.9.2.202309101412\\db\/plugins/mcufinder/images/
2023-11-25 13:48:21,511 [WARN] DbFile:41 - Overriding database path with different value: C:\Users\maiha\.stmcufinder\plugins\mcufinder/ => C:\Users\maiha\.stmcufinder\plugins\mcufinder
2023-11-25 13:48:21,511 [INFO] ApiDb:250 - Set database path to: C:\Users\maiha\.stmcufinder\plugins\mcufinder//mcu/
2023-11-25 13:48:21,511 [WARN] DbFile:41 - Overriding database path with different value: C:\Users\maiha\.stmcufinder\plugins\mcufinder/ => C:\Users\maiha\.stmcufinder\plugins\mcufinder
2023-11-25 13:48:21,512 [INFO] DbMcusAds:125 - Set database path to: C:\Users\maiha\.stmcufinder\plugins\mcufinder//mcu/
2023-11-25 13:48:21,512 [WARN] DbFile:41 - Overriding database path with different value: C:\Users\maiha\.stmcufinder\plugins\mcufinder/ => C:\Users\maiha\.stmcufinder\plugins\mcufinder
2023-11-25 13:48:21,512 [WARN] DbFile:41 - Overriding database path with different value: C:\Users\maiha\.stmcufinder\plugins\mcufinder/ => C:\Users\maiha\.stmcufinder\plugins\mcufinder
2023-11-25 13:48:21,512 [INFO] CrossReferenceDbSqlite:203 - Set database path to: C:\Users\maiha\.stmcufinder\plugins\mcufinder//mcu/cs/
2023-11-25 13:48:21,546 [INFO] ApplicationProperties:184 - Using Application install path: C:\ST\STM32CubeIDE_1.13.2\STM32CubeIDE\plugins\com.st.stm32cube.common.mx_6.9.2.202309101412
2023-11-25 13:48:21,549 [INFO] PluginManage:196 - Search for loadable plugins [exclusion list=, ]
2023-11-25 13:48:21,553 [INFO] PluginManage:310 - Check plugin analytics
2023-11-25 13:48:21,842 [INFO] AnalyticsPlugin:253 - Accepted Software Licenses: STM32CubeMX.6.9.2
2023-11-25 13:48:21,843 [INFO] AnalyticsPlugin:255 - Accepted CMSIS Pack Licenses: 
2023-11-25 13:48:21,843 [INFO] AnalyticsPlugin:257 - Accepted Firmware Licenses: FW.F4.1.27.0
2023-11-25 13:48:21,847 [INFO] PluginManage:359 - Loaded plugin analytics (category:tool,tabindex:-1)
2023-11-25 13:48:21,847 [INFO] PluginManage:310 - Check plugin cadmodel
2023-11-25 13:48:21,861 [INFO] CADModel:105 - Init CAD model plugin
2023-11-25 13:48:21,862 [INFO] PluginManage:359 - Loaded plugin cadmodel (category:power,tabindex:5)
2023-11-25 13:48:21,862 [INFO] PluginManage:310 - Check plugin clock
2023-11-25 13:48:21,879 [INFO] PluginManage:359 - Loaded plugin clock (category:base,tabindex:2)
2023-11-25 13:48:21,879 [INFO] PluginManage:310 - Check plugin ddr
2023-11-25 13:48:21,883 [INFO] PluginManage:359 - Loaded plugin ddr (category:tool,tabindex:6)
2023-11-25 13:48:21,884 [INFO] PluginManage:310 - Check plugin filemanager
2023-11-25 13:48:22,135 [INFO] PluginManage:359 - Loaded plugin filemanager (category:base,tabindex:10)
2023-11-25 13:48:22,136 [INFO] PluginManage:310 - Check plugin ipmanager
2023-11-25 13:48:22,152 [INFO] PluginManage:359 - Loaded plugin ipmanager (category:base,tabindex:5)
2023-11-25 13:48:22,152 [INFO] PluginManage:310 - Check plugin lpbam
2023-11-25 13:48:22,173 [INFO] PluginManage:359 - Loaded plugin lpbam (category:base,tabindex:0)
2023-11-25 13:48:22,174 [INFO] PluginManage:310 - Check plugin memorymap
2023-11-25 13:48:22,205 [INFO] PluginManage:359 - Loaded plugin memorymap (category:base,tabindex:4)
2023-11-25 13:48:22,206 [INFO] PluginManage:310 - Check plugin pinoutandconfiguration
2023-11-25 13:48:22,219 [INFO] PluginManage:359 - Loaded plugin pinoutandconfiguration (category:base,tabindex:1)
2023-11-25 13:48:22,219 [INFO] PluginManage:310 - Check plugin pinoutconfig
2023-11-25 13:48:22,347 [WARN] SupportedApi:132 - Cannot load RTOS API schema: s4s-elt-must-match.1: The content of 'definitions' must match (annotation?, (simpleType | complexType)?, (unique | key | keyref)*)). A problem was found starting at: attribute.
2023-11-25 13:48:22,611 [INFO] PluginManage:359 - Loaded plugin pinoutconfig (category:base,tabindex:0)
2023-11-25 13:48:22,611 [INFO] PluginManage:310 - Check plugin power
2023-11-25 13:48:22,635 [INFO] PluginManage:359 - Loaded plugin power (category:power,tabindex:4)
2023-11-25 13:48:22,635 [INFO] PluginManage:310 - Check plugin projectmanager
2023-11-25 13:48:22,661 [INFO] PluginManage:359 - Loaded plugin projectmanager (category:projectmanager,tabindex:3)
2023-11-25 13:48:22,661 [INFO] PluginManage:310 - Check plugin thirdparty
2023-11-25 13:48:22,891 [INFO] PluginManage:359 - Loaded plugin thirdparty (category:base,tabindex:-1)
2023-11-25 13:48:22,890 [WARN] IntegrityCheckThread:84 - waiting for thirdparty lock release [integrity check]
2023-11-25 13:48:22,891 [INFO] PluginManage:310 - Check plugin tools
2023-11-25 13:48:22,891 [INFO] IntegrityCheckThread:86 - entering critical section [integrity check]
2023-11-25 13:48:22,893 [INFO] ThirdPartyUpdaterWithRetryManager:70 - Updater plugin not ready yet. [1/15]
2023-11-25 13:48:22,897 [INFO] PluginManage:359 - Loaded plugin tools (category:base,tabindex:7)
2023-11-25 13:48:22,897 [INFO] PluginManage:310 - Check plugin tutovideos
2023-11-25 13:48:23,349 [INFO] PluginManage:359 - Loaded plugin tutovideos (category:base,tabindex:-1)
2023-11-25 13:48:23,349 [INFO] PluginManage:310 - Check plugin updater
2023-11-25 13:48:23,368 [INFO] PluginManage:359 - Loaded plugin updater (category:base,tabindex:12)
2023-11-25 13:48:23,368 [INFO] PluginManage:310 - Check plugin userauth
2023-11-25 13:48:23,382 [INFO] UserAuth:113 - Init User Auth plugin
2023-11-25 13:48:23,382 [INFO] PluginManage:359 - Loaded plugin userauth (category:base,tabindex:14)
2023-11-25 13:48:23,383 [INFO] PluginManage:283 - PluginManage : Loaded plugins [17]
2023-11-25 13:48:23,796 [INFO] PinOutPanel:1499 - setPackage(No Configuration,No Configuration)
2023-11-25 13:48:23,976 [INFO] CADModel:165 - CPN selected for project level
2023-11-25 13:48:23,977 [INFO] CADModel:114 - Register for checkConnection events
2023-11-25 13:48:24,005 [INFO] IPUIPlugin:80 - create IPUIPlugin
2023-11-25 13:48:24,005 [INFO] PluginManager:220 - loadIPPluginJar : add adc
2023-11-25 13:48:24,010 [INFO] IPUIPlugin:80 - create IPUIPlugin
2023-11-25 13:48:24,010 [INFO] PluginManager:220 - loadIPPluginJar : add aes
2023-11-25 13:48:24,014 [INFO] IPUIPlugin:80 - create IPUIPlugin
2023-11-25 13:48:24,015 [INFO] PluginManager:220 - loadIPPluginJar : add can
2023-11-25 13:48:24,018 [INFO] IPUIPlugin:80 - create IPUIPlugin
2023-11-25 13:48:24,018 [INFO] PluginManager:220 - loadIPPluginJar : add comp
2023-11-25 13:48:24,022 [INFO] IPUIPlugin:80 - create IPUIPlugin
2023-11-25 13:48:24,022 [INFO] PluginManager:220 - loadIPPluginJar : add cryp
2023-11-25 13:48:24,026 [INFO] IPUIPlugin:80 - create IPUIPlugin
2023-11-25 13:48:24,027 [INFO] PluginManager:220 - loadIPPluginJar : add dfsdm
2023-11-25 13:48:24,034 [INFO] IPUIPlugin:80 - create IPUIPlugin
2023-11-25 13:48:24,035 [INFO] PluginManager:220 - loadIPPluginJar : add dma
2023-11-25 13:48:24,040 [INFO] IPUIPlugin:80 - create IPUIPlugin
2023-11-25 13:48:24,040 [INFO] PluginManager:220 - loadIPPluginJar : add dma3
2023-11-25 13:48:24,042 [INFO] IPUIPlugin:80 - create IPUIPlugin
2023-11-25 13:48:24,042 [INFO] PluginManager:220 - loadIPPluginJar : add fatfs
2023-11-25 13:48:24,048 [INFO] IPUIPlugin:80 - create IPUIPlugin
2023-11-25 13:48:24,049 [INFO] PluginManager:220 - loadIPPluginJar : add fmc
2023-11-25 13:48:24,057 [INFO] IPUIPlugin:80 - create IPUIPlugin
2023-11-25 13:48:24,057 [INFO] PluginManager:220 - loadIPPluginJar : add freertos
2023-11-25 13:48:24,060 [INFO] IPUIPlugin:80 - create IPUIPlugin
2023-11-25 13:48:24,060 [INFO] PluginManager:220 - loadIPPluginJar : add genericplugin
2023-11-25 13:48:24,064 [INFO] IPUIPlugin:80 - create IPUIPlugin
2023-11-25 13:48:24,064 [INFO] PluginManager:220 - loadIPPluginJar : add gfxmmu
2023-11-25 13:48:24,071 [INFO] IPUIPlugin:80 - create IPUIPlugin
2023-11-25 13:48:24,071 [INFO] PluginManager:220 - loadIPPluginJar : add gic
2023-11-25 13:48:24,078 [INFO] IPUIPlugin:80 - create IPUIPlugin
2023-11-25 13:48:24,078 [INFO] PluginManager:220 - loadIPPluginJar : add gpio
2023-11-25 13:48:24,083 [INFO] IPUIPlugin:80 - create IPUIPlugin
2023-11-25 13:48:24,083 [INFO] PluginManager:220 - loadIPPluginJar : add gtzc
2023-11-25 13:48:24,087 [INFO] IPUIPlugin:80 - create IPUIPlugin
2023-11-25 13:48:24,087 [INFO] PluginManager:220 - loadIPPluginJar : add hash
2023-11-25 13:48:24,091 [INFO] IPUIPlugin:80 - create IPUIPlugin
2023-11-25 13:48:24,091 [INFO] PluginManager:220 - loadIPPluginJar : add i2c
2023-11-25 13:48:24,095 [INFO] IPUIPlugin:80 - create IPUIPlugin
2023-11-25 13:48:24,095 [INFO] PluginManager:220 - loadIPPluginJar : add i2s
2023-11-25 13:48:24,100 [INFO] IPUIPlugin:80 - create IPUIPlugin
2023-11-25 13:48:24,100 [INFO] PluginManager:220 - loadIPPluginJar : add i3c
2023-11-25 13:48:24,106 [INFO] IPUIPlugin:80 - create IPUIPlugin
2023-11-25 13:48:24,106 [INFO] PluginManager:220 - loadIPPluginJar : add ipddr
2023-11-25 13:48:24,118 [INFO] IPUIPlugin:80 - create IPUIPlugin
2023-11-25 13:48:24,118 [INFO] PluginManager:220 - loadIPPluginJar : add linkedlist
2023-11-25 13:48:24,122 [INFO] IPUIPlugin:80 - create IPUIPlugin
2023-11-25 13:48:24,123 [INFO] PluginManager:220 - loadIPPluginJar : add lorawan
2023-11-25 13:48:24,126 [INFO] IPUIPlugin:80 - create IPUIPlugin
2023-11-25 13:48:24,126 [INFO] PluginManager:220 - loadIPPluginJar : add ltdc
2023-11-25 13:48:24,134 [INFO] IPUIPlugin:80 - create IPUIPlugin
2023-11-25 13:48:24,135 [INFO] PluginManager:220 - loadIPPluginJar : add mdma
2023-11-25 13:48:24,140 [INFO] IPUIPlugin:80 - create IPUIPlugin
2023-11-25 13:48:24,140 [INFO] PluginManager:220 - loadIPPluginJar : add nvic
2023-11-25 13:48:24,145 [INFO] IPUIPlugin:80 - create IPUIPlugin
2023-11-25 13:48:24,145 [INFO] PluginManager:220 - loadIPPluginJar : add opamp
2023-11-25 13:48:24,149 [INFO] IPUIPlugin:80 - create IPUIPlugin
2023-11-25 13:48:24,149 [INFO] PluginManager:220 - loadIPPluginJar : add openamp
2023-11-25 13:48:24,155 [INFO] IPUIPlugin:80 - create IPUIPlugin
2023-11-25 13:48:24,155 [INFO] PluginManager:220 - loadIPPluginJar : add pdm2pcm
2023-11-25 13:48:24,166 [INFO] IPUIPlugin:80 - create IPUIPlugin
2023-11-25 13:48:24,169 [INFO] PluginManager:220 - loadIPPluginJar : add plateformsettings
2023-11-25 13:48:24,171 [INFO] IPUIPlugin:80 - create IPUIPlugin
2023-11-25 13:48:24,172 [INFO] PluginManager:220 - loadIPPluginJar : add quadspi
2023-11-25 13:48:24,178 [INFO] IPUIPlugin:80 - create IPUIPlugin
2023-11-25 13:48:24,178 [INFO] PluginManager:220 - loadIPPluginJar : add resmgrutility
2023-11-25 13:48:24,182 [INFO] IPUIPlugin:80 - create IPUIPlugin
2023-11-25 13:48:24,182 [INFO] PluginManager:220 - loadIPPluginJar : add sai
2023-11-25 13:48:24,186 [INFO] IPUIPlugin:80 - create IPUIPlugin
2023-11-25 13:48:24,187 [INFO] PluginManager:220 - loadIPPluginJar : add spi
2023-11-25 13:48:24,194 [INFO] IPUIPlugin:80 - create IPUIPlugin
2023-11-25 13:48:24,194 [INFO] PluginManager:220 - loadIPPluginJar : add stm32_wpan
2023-11-25 13:48:24,197 [INFO] IPUIPlugin:80 - create IPUIPlugin
2023-11-25 13:48:24,197 [INFO] PluginManager:220 - loadIPPluginJar : add tim
2023-11-25 13:48:24,201 [INFO] IPUIPlugin:80 - create IPUIPlugin
2023-11-25 13:48:24,201 [INFO] PluginManager:220 - loadIPPluginJar : add touchsensing
2023-11-25 13:48:24,205 [INFO] IPUIPlugin:80 - create IPUIPlugin
2023-11-25 13:48:24,205 [INFO] PluginManager:220 - loadIPPluginJar : add tracer_emb
2023-11-25 13:48:24,209 [INFO] IPUIPlugin:80 - create IPUIPlugin
2023-11-25 13:48:24,209 [INFO] PluginManager:220 - loadIPPluginJar : add ts
2023-11-25 13:48:24,211 [INFO] IPUIPlugin:80 - create IPUIPlugin
2023-11-25 13:48:24,211 [INFO] PluginManager:220 - loadIPPluginJar : add tsc
2023-11-25 13:48:24,215 [INFO] IPUIPlugin:80 - create IPUIPlugin
2023-11-25 13:48:24,215 [INFO] PluginManager:220 - loadIPPluginJar : add ucpd
2023-11-25 13:48:24,219 [INFO] IPUIPlugin:80 - create IPUIPlugin
2023-11-25 13:48:24,219 [INFO] PluginManager:220 - loadIPPluginJar : add usart
2023-11-25 13:48:24,223 [INFO] IPUIPlugin:80 - create IPUIPlugin
2023-11-25 13:48:24,224 [INFO] PluginManager:220 - loadIPPluginJar : add usbx
2023-11-25 13:48:24,368 [INFO] CADModel:165 - CPN selected for project level
2023-11-25 13:48:24,368 [INFO] CADModel:114 - Register for checkConnection events
2023-11-25 13:48:24,369 [FATAL] Updater:308 - Updater called before beeing initialized
2023-11-25 13:48:24,369 [ERROR] CADModel:125 - Updater not yet initialized, retry later 
2023-11-25 13:48:24,721 [INFO] CADModel:165 - CPN selected for project level
2023-11-25 13:48:24,721 [INFO] CADModel:114 - Register for checkConnection events
2023-11-25 13:48:24,721 [FATAL] Updater:308 - Updater called before beeing initialized
2023-11-25 13:48:24,721 [ERROR] CADModel:125 - Updater not yet initialized, retry later 
2023-11-25 13:48:24,727 [FATAL] Updater:308 - Updater called before beeing initialized
2023-11-25 13:48:24,866 [FATAL] Updater:308 - Updater called before beeing initialized
2023-11-25 13:48:24,884 [INFO] DbMcusAds:53 - JSON generation date=Tue Mar 07 00:50:55 PST 2023 (1678179055335)
2023-11-25 13:48:24,884 [FATAL] Updater:308 - Updater called before beeing initialized
2023-11-25 13:48:24,942 [WARN] DetailPanel:346 - Failed to get advertising image, set to default
2023-11-25 13:48:25,100 [FATAL] Updater:308 - Updater called before beeing initialized
2023-11-25 13:48:25,104 [FATAL] Updater:308 - Updater called before beeing initialized
2023-11-25 13:48:25,105 [FATAL] Updater:308 - Updater called before beeing initialized
2023-11-25 13:48:25,105 [WARN] DetailPanel:346 - Failed to get advertising image, set to default
2023-11-25 13:48:25,106 [FATAL] Updater:308 - Updater called before beeing initialized
2023-11-25 13:48:25,204 [ERROR] Updater:1120 - MainUpdater not yet initialized. External WinMGr cannot be set.
2023-11-25 13:48:25,207 [INFO] Updater:1056 - Updater Version found : 6.9.2
2023-11-25 13:48:25,231 [INFO] ApplicationProperties:184 - Using Application install path: C:\ST\STM32CubeIDE_1.13.2\STM32CubeIDE\plugins\com.st.stm32cube.common.mx_6.9.2.202309101412
2023-11-25 13:48:25,459 [INFO] MainUpdater:2868 - connection check result : 10
2023-11-25 13:48:25,459 [INFO] MainUpdater:3562 - Updater definition file requires update
2023-11-25 13:48:25,460 [INFO] MainUpdater:285 - Updater Check For Update Now.
2023-11-25 13:48:25,460 [INFO] MicroXplorer:498 - Change Database Version : DB.6.0.92
2023-11-25 13:48:25,480 [INFO] McuFinderGlobals:63 - Set McuFinder mode to 2 (CubeIDE integrated)
2023-11-25 13:48:25,503 [INFO] ServerAccessManage:473 - Download File updaters.zip
2023-11-25 13:48:25,632 [INFO] FileExtend:240 - Unzip File : updaters.zip
2023-11-25 13:48:25,633 [INFO] FileExtend:255 - Standard Zip Deflate
2023-11-25 13:48:25,894 [WARN] MainUpdater:1189 - Updater busy. Cannot search thirdparties
2023-11-25 13:48:25,895 [INFO] ThirdPartyUpdaterWithRetryManager:96 - Updater plugin is busy. [1/15]
2023-11-25 13:48:26,149 [INFO] ServerAccessManage:473 - Download File PacksControlFlags.xml
2023-11-25 13:48:26,232 [INFO] ServerAccessManage:473 - Download File cubemx.pidx
2023-11-25 13:48:26,279 [ERROR] LogOutputStream:75 - [STDERR_REDIRECT] Nov 25, 2023 1:48:26 PM org.glassfish.grizzly.http.server.NetworkListener start
2023-11-25 13:48:26,280 [ERROR] LogOutputStream:75 - [STDERR_REDIRECT] INFO: Started listener bound to [localhost:1596]
2023-11-25 13:48:26,280 [ERROR] LogOutputStream:75 - [STDERR_REDIRECT] 
2023-11-25 13:48:26,282 [ERROR] LogOutputStream:75 - [STDERR_REDIRECT] Nov 25, 2023 1:48:26 PM org.glassfish.grizzly.http.server.HttpServer start
2023-11-25 13:48:26,283 [ERROR] LogOutputStream:75 - [STDERR_REDIRECT] INFO: [HttpServer] Started.
2023-11-25 13:48:26,283 [ERROR] LogOutputStream:75 - [STDERR_REDIRECT] 
2023-11-25 13:48:27,409 [INFO] ServerAccessManage:473 - Download File STMicroelectronics.X-CUBE-TOF1.pdsc
2023-11-25 13:48:28,259 [ERROR] ServerAccessManage:1089 - Problem, file not found on Server
2023-11-25 13:48:28,896 [WARN] MainUpdater:1189 - Updater busy. Cannot search thirdparties
2023-11-25 13:48:28,896 [INFO] ThirdPartyUpdaterWithRetryManager:96 - Updater plugin is busy. [2/15]
2023-11-25 13:48:29,155 [ERROR] ServerAccessManage:1096 - Problem, Http access forbiden
2023-11-25 13:48:29,156 [ERROR] ServerAccessManage:651 - Problem, Http access forbiden : RoweBots.I-CUBE-UNISONRTOS.pdsc.
2023-11-25 13:48:29,373 [WARN] PackLoader:240 - Cannot read IP mode file for STMicroelectronics.X-CUBE-TOF1.3.4.0
2023-11-25 13:48:29,391 [INFO] PopulateThirdPartyThread:66 - Ending populate Thread
2023-11-25 13:48:29,393 [INFO] ThirdParty:1030 - CMSIS Pack Vendor :STMicroelectronics X-CUBE-TOF1 3.4.0
2023-11-25 13:48:29,393 [INFO] LoadServerUpdatesThread:373 - End of LoadServerUpdate Thread
2023-11-25 13:48:29,480 [INFO] CheckServerUpdateThread:120 - End of CheckServer Thread
2023-11-25 13:48:32,102 [WARN] PackLoader:240 - Cannot read IP mode file for STMicroelectronics.X-CUBE-SMBUS.2.1.0
2023-11-25 13:48:32,147 [WARN] PackLoader:240 - Cannot read IP mode file for STMicroelectronics.X-CUBE-AZRTOS-F7.1.1.0
2023-11-25 13:48:32,172 [WARN] PackLoader:240 - Cannot read IP mode file for STMicroelectronics.FP-SNS-MOTENV1.4.3.2
2023-11-25 13:48:32,187 [WARN] PackLoader:240 - Cannot read IP mode file for STMicroelectronics.FP-SNS-FLIGHT1.5.0.2
2023-11-25 13:48:32,221 [WARN] PackLoader:240 - Cannot read IP mode file for STMicroelectronics.X-CUBE-DISPLAY.3.0.0
2023-11-25 13:48:32,241 [WARN] PackLoader:240 - Cannot read IP mode file for STMicroelectronics.X-CUBE-BLE1.7.0.0
2023-11-25 13:48:32,256 [WARN] PackLoader:240 - Cannot read IP mode file for emotas.I-CUBE-CANOPEN.1.3.0
2023-11-25 13:48:32,269 [WARN] PackLoader:240 - Cannot read IP mode file for STMicroelectronics.X-CUBE-TOUCHGFX.4.22.0
2023-11-25 13:48:32,282 [WARN] PackLoader:240 - Cannot read IP mode file for STMicroelectronics.X-CUBE-TOUCHGFX.4.22.1
2023-11-25 13:48:32,298 [WARN] PackLoader:240 - Cannot read IP mode file for STMicroelectronics.FP-SNS-SMARTAG2.1.2.0
2023-11-25 13:48:32,318 [INFO] LogOutputStream:77 - [STDOUT_REDIRECT] 1 : Invalid condition id : UX_CORESTACK_Condition cause : null
2023-11-25 13:48:32,319 [INFO] LogOutputStream:77 - [STDOUT_REDIRECT] 1 : Invalid condition id : UX_CORESTACK_Condition cause : null
2023-11-25 13:48:32,320 [INFO] LogOutputStream:77 - [STDOUT_REDIRECT] 1 : Invalid condition id : UX_CORESTACK_Condition cause : null
2023-11-25 13:48:32,320 [INFO] LogOutputStream:77 - [STDOUT_REDIRECT] 1 : Invalid condition id : UX_CORESTACK_Condition cause : null
2023-11-25 13:48:32,321 [INFO] LogOutputStream:77 - [STDOUT_REDIRECT] 1 : Invalid condition id : UX_CORESTACK_Condition cause : null
2023-11-25 13:48:32,323 [WARN] PackLoader:240 - Cannot read IP mode file for STMicroelectronics.X-CUBE-AZRTOS-WL.2.0.0
2023-11-25 13:48:32,339 [WARN] PackLoader:240 - Cannot read IP mode file for WES.I-CUBE-Cesium.1.3.0
2023-11-25 13:48:32,352 [WARN] PackLoader:240 - Cannot read IP mode file for STMicroelectronics.X-CUBE-BLE2.3.3.0
2023-11-25 13:48:32,367 [WARN] PackLoader:240 - Cannot read IP mode file for STMicroelectronics.X-CUBE-ALGOBUILD.1.3.0
2023-11-25 13:48:32,395 [WARN] PackLoader:240 - Cannot read IP mode file for STMicroelectronics.X-CUBE-AZRTOS-G0.1.1.0
2023-11-25 13:48:32,413 [WARN] PackLoader:240 - Cannot read IP mode file for STMicroelectronics.X-CUBE-NFC4.3.0.0
2023-11-25 13:48:32,434 [WARN] PackLoader:240 - Cannot read IP mode file for STMicroelectronics.X-CUBE-BLEMGR.3.0.0
2023-11-25 13:48:32,441 [WARN] PackLoader:240 - Cannot read IP mode file for STMicroelectronics.FP-ATR-SIGFOX1.3.2.0
2023-11-25 13:48:32,479 [WARN] PackLoader:240 - Cannot read IP mode file for SEGGER.I-CUBE-embOS.1.3.1
2023-11-25 13:48:32,527 [WARN] PackLoader:240 - Cannot read IP mode file for STMicroelectronics.X-CUBE-GNSS1.6.0.0
2023-11-25 13:48:32,557 [WARN] PackLoader:240 - Cannot read IP mode file for STMicroelectronics.X-CUBE-AZRTOS-F4.1.1.0
2023-11-25 13:48:32,573 [WARN] PackLoader:240 - Cannot read IP mode file for wolfSSL.I-CUBE-wolfSSL.5.6.3
2023-11-25 13:48:32,602 [WARN] PackLoader:240 - Cannot read IP mode file for STMicroelectronics.X-CUBE-AZRTOS-L5.2.0.0
2023-11-25 13:48:32,652 [WARN] PackLoader:240 - Cannot read IP mode file for STMicroelectronics.X-CUBE-MEMS1.9.6.0
2023-11-25 13:48:32,770 [WARN] PackLoader:240 - Cannot read IP mode file for STMicroelectronics.X-CUBE-EEPRMA1.4.2.0
2023-11-25 13:48:32,784 [WARN] PackLoader:240 - Cannot read IP mode file for ITTIA_DB.I-CUBE-ITTIADB.8.8.0
2023-11-25 13:48:32,799 [WARN] PackLoader:240 - Cannot read IP mode file for STMicroelectronics.X-CUBE-BLEMGR.2.0.0
2023-11-25 13:48:32,832 [WARN] ConditionMgr:438 - getConditionDescription Invalid condition id : UX DEVICE CLASS RTOS Condition cause : null
2023-11-25 13:48:32,832 [WARN] ConditionMgr:438 - getConditionDescription Invalid condition id : UX DEVICE CLASS RTOS Condition cause : null
2023-11-25 13:48:32,835 [WARN] PackLoader:240 - Cannot read IP mode file for STMicroelectronics.X-CUBE-AZRTOS-H7.3.1.0
2023-11-25 13:48:32,836 [WARN] ConditionMgr:1039 - genDependencies : Invalid condition id : UX DEVICE CLASS RTOS Condition cause : null
2023-11-25 13:48:32,836 [WARN] ConditionMgr:1039 - genDependencies : Invalid condition id : UX DEVICE CLASS RTOS Condition cause : null
2023-11-25 13:48:32,836 [WARN] ConditionMgr:1039 - genDependencies : Invalid condition id : UX DEVICE CLASS RTOS Condition cause : null
2023-11-25 13:48:32,837 [WARN] ConditionMgr:1039 - genDependencies : Invalid condition id : UX DEVICE CLASS RTOS Condition cause : null
2023-11-25 13:48:32,837 [WARN] ConditionMgr:1039 - genDependencies : Invalid condition id : UX DEVICE CLASS RTOS Condition cause : null
2023-11-25 13:48:32,853 [WARN] PackLoader:240 - Cannot read IP mode file for STMicroelectronics.X-CUBE-NFC7.1.0.1
2023-11-25 13:48:32,869 [WARN] PackLoader:240 - Cannot read IP mode file for STMicroelectronics.X-CUBE-NFC6.3.0.0
2023-11-25 13:48:32,884 [WARN] PackLoader:240 - Cannot read IP mode file for STMicroelectronics.X-CUBE-EEPRMA1.4.1.0
2023-11-25 13:48:32,898 [WARN] PackLoader:240 - Cannot read IP mode file for STMicroelectronics.X-CUBE-AI.8.1.0
2023-11-25 13:48:32,927 [WARN] ConditionMgr:438 - getConditionDescription Invalid condition id : LAN8742 Phy interface Condition cause : null
2023-11-25 13:48:32,927 [WARN] PackLoader:240 - Cannot read IP mode file for STMicroelectronics.X-CUBE-AZRTOS-L4.2.0.0
2023-11-25 13:48:32,928 [WARN] ConditionMgr:1039 - genDependencies : Invalid condition id : LAN8742 Phy interface Condition cause : null
2023-11-25 13:48:32,929 [WARN] ConditionMgr:1039 - genDependencies : Invalid condition id : LAN8742 Phy interface Condition cause : null
2023-11-25 13:48:32,929 [WARN] ConditionMgr:1039 - genDependencies : Invalid condition id : LAN8742 Phy interface Condition cause : null
2023-11-25 13:48:32,945 [WARN] PackLoader:240 - Cannot read IP mode file for STMicroelectronics.X-CUBE-SFXS2LP1.4.0.0
2023-11-25 13:48:32,959 [WARN] PackLoader:240 - Cannot read IP mode file for STMicroelectronics.X-CUBE-ISPU.1.1.0
2023-11-25 13:48:32,983 [WARN] ConditionMgr:438 - getConditionDescription Invalid condition id : UX DEVICE CLASS RTOS Condition cause : null
2023-11-25 13:48:32,983 [WARN] ConditionMgr:438 - getConditionDescription Invalid condition id : UX DEVICE CLASS RTOS Condition cause : null
2023-11-25 13:48:32,986 [WARN] PackLoader:240 - Cannot read IP mode file for STMicroelectronics.X-CUBE-AZRTOS-WB.2.0.0
2023-11-25 13:48:32,986 [WARN] ConditionMgr:1039 - genDependencies : Invalid condition id : UX DEVICE CLASS RTOS Condition cause : null
2023-11-25 13:48:32,986 [WARN] ConditionMgr:1039 - genDependencies : Invalid condition id : UX DEVICE CLASS RTOS Condition cause : null
2023-11-25 13:48:32,987 [WARN] ConditionMgr:1039 - genDependencies : Invalid condition id : UX DEVICE CLASS RTOS Condition cause : null
2023-11-25 13:48:32,987 [WARN] ConditionMgr:1039 - genDependencies : Invalid condition id : UX DEVICE CLASS RTOS Condition cause : null
2023-11-25 13:48:32,987 [WARN] ConditionMgr:1039 - genDependencies : Invalid condition id : UX DEVICE CLASS RTOS Condition cause : null
2023-11-25 13:48:33,009 [WARN] PackLoader:240 - Cannot read IP mode file for STMicroelectronics.X-CUBE-SUBG2.5.0.0
2023-11-25 13:48:33,031 [WARN] PackLoader:240 - Cannot read IP mode file for STMicroelectronics.X-CUBE-TOF1.3.3.1
2023-11-25 13:48:33,062 [WARN] PackLoader:240 - Cannot read IP mode file for STMicroelectronics.X-CUBE-AZRTOS-G4.2.0.0
2023-11-25 13:48:33,086 [WARN] PackLoader:240 - Cannot read IP mode file for Infineon.AIROC-Wi-Fi-Bluetooth-STM32.1.5.1
2023-11-25 13:48:33,093 [WARN] PackLoader:240 - Cannot read IP mode file for STMicroelectronics.FP-SNS-MOTENVWB1.1.3.0
2023-11-25 13:48:33,135 [WARN] PackLoader:240 - Cannot read IP mode file for STMicroelectronics.X-CUBE-MEMS1.10.0.0
2023-11-25 13:48:33,215 [WARN] PackLoader:240 - Cannot read IP mode file for STMicroelectronics.X-CUBE-FREERTOS.1.1.0
2023-11-25 13:48:33,230 [WARN] PackLoader:240 - Cannot read IP mode file for portGmbH.I-Cube-SoM-uGOAL.1.1.0
2023-11-25 13:48:33,242 [WARN] PackLoader:240 - Cannot read IP mode file for STMicroelectronics.X-CUBE-ALS.1.0.1
2023-11-25 13:48:33,250 [WARN] PackLoader:240 - Cannot read IP mode file for STMicroelectronics.FP-ATR-ASTRA1.2.0.0
2023-11-25 13:48:33,257 [WARN] PackLoader:240 - Cannot read IP mode file for STMicroelectronics.X-CUBE-TOF1.3.4.0
2023-11-25 13:48:33,270 [INFO] ThirdParty:978 - Integrity check success = true
2023-11-25 13:48:33,270 [INFO] IntegrityCheckThread:100 - exiting critical section [integrity check]
2023-11-25 13:48:33,270 [INFO] IntegrityCheckThread:103 - End integrity checks thread
2023-11-25 16:35:34,157 [ERROR] LogOutputStream:75 - [STDERR_REDIRECT] 
