2024-01-31 22:45:14,107 [INFO] Activator:176 - 


2024-01-31 22:45:14,110 [INFO] Activator:177 - !SESSION log4j initialized
2024-01-31 22:45:18,689 [INFO] LogOutputStream:77 - [STDOUT_REDIRECT] 
2024-01-31 22:45:20,507 [INFO] ApplicationProperties:184 - Using Application install path: C:\ST\STM32CubeIDE_1.13.2\STM32CubeIDE\plugins\com.st.stm32cube.common.mx_6.9.2.202309101412
2024-01-31 22:45:20,552 [INFO] DbMcusXml:78 - Set database path to: C:\ST\STM32CubeIDE_1.13.2\STM32CubeIDE\plugins\com.st.stm32cube.common.mx_6.9.2.202309101412\\db\/mcu/
2024-01-31 22:45:20,552 [INFO] ApiDb:274 - Set plugin database path to: C:\ST\STM32CubeIDE_1.13.2\STM32CubeIDE\plugins\com.st.stm32cube.common.mx_6.9.2.202309101412\\db\/plugins/boardmanager/
2024-01-31 22:45:20,553 [WARN] ApiDb:259 - Overriding images path with different value:  => C:\ST\STM32CubeIDE_1.13.2\STM32CubeIDE\plugins\com.st.stm32cube.common.mx_6.9.2.202309101412\\db\/plugins/mcufinder/images/
2024-01-31 22:45:20,577 [INFO] ApiDb:250 - Set database path to: C:\Users\maiha\.stmcufinder\plugins\mcufinder//mcu/
2024-01-31 22:45:20,579 [INFO] DbMcusAds:125 - Set database path to: C:\Users\maiha\.stmcufinder\plugins\mcufinder//mcu/
2024-01-31 22:45:20,584 [INFO] CrossReferenceDbSqlite:203 - Set database path to: C:\Users\maiha\.stmcufinder\plugins\mcufinder//mcu/cs/
2024-01-31 22:45:20,712 [INFO] RulesReader:64 - Compatibility file has been processed (293 Rules)
2024-01-31 22:45:20,818 [INFO] DbMcusXml:78 - Set database path to: C:\ST\STM32CubeIDE_1.13.2\STM32CubeIDE\plugins\com.st.stm32cube.common.mx_6.9.2.202309101412\\db\/mcu/
2024-01-31 22:45:20,818 [INFO] ApiDb:274 - Set plugin database path to: C:\ST\STM32CubeIDE_1.13.2\STM32CubeIDE\plugins\com.st.stm32cube.common.mx_6.9.2.202309101412\\db\/plugins/boardmanager/
2024-01-31 22:45:20,818 [INFO] ApiDb:261 - Set plugin images path to: C:\ST\STM32CubeIDE_1.13.2\STM32CubeIDE\plugins\com.st.stm32cube.common.mx_6.9.2.202309101412\\db\/plugins/mcufinder/images/
2024-01-31 22:45:20,818 [WARN] DbFile:41 - Overriding database path with different value: C:\Users\maiha\.stmcufinder\plugins\mcufinder/ => C:\Users\maiha\.stmcufinder\plugins\mcufinder
2024-01-31 22:45:20,819 [INFO] ApiDb:250 - Set database path to: C:\Users\maiha\.stmcufinder\plugins\mcufinder//mcu/
2024-01-31 22:45:20,819 [WARN] DbFile:41 - Overriding database path with different value: C:\Users\maiha\.stmcufinder\plugins\mcufinder/ => C:\Users\maiha\.stmcufinder\plugins\mcufinder
2024-01-31 22:45:20,819 [INFO] DbMcusAds:125 - Set database path to: C:\Users\maiha\.stmcufinder\plugins\mcufinder//mcu/
2024-01-31 22:45:20,819 [WARN] DbFile:41 - Overriding database path with different value: C:\Users\maiha\.stmcufinder\plugins\mcufinder/ => C:\Users\maiha\.stmcufinder\plugins\mcufinder
2024-01-31 22:45:20,819 [WARN] DbFile:41 - Overriding database path with different value: C:\Users\maiha\.stmcufinder\plugins\mcufinder/ => C:\Users\maiha\.stmcufinder\plugins\mcufinder
2024-01-31 22:45:20,819 [INFO] CrossReferenceDbSqlite:203 - Set database path to: C:\Users\maiha\.stmcufinder\plugins\mcufinder//mcu/cs/
2024-01-31 22:45:21,006 [INFO] MainPanel:262 - HeapMemory: 268435456
2024-01-31 22:45:21,168 [INFO] DbMcusXml:78 - Set database path to: C:\ST\STM32CubeIDE_1.13.2\STM32CubeIDE\plugins\com.st.stm32cube.common.mx_6.9.2.202309101412\\db\/mcu/
2024-01-31 22:45:21,168 [INFO] ApiDb:274 - Set plugin database path to: C:\ST\STM32CubeIDE_1.13.2\STM32CubeIDE\plugins\com.st.stm32cube.common.mx_6.9.2.202309101412\\db\/plugins/boardmanager/
2024-01-31 22:45:21,168 [INFO] ApiDb:261 - Set plugin images path to: C:\ST\STM32CubeIDE_1.13.2\STM32CubeIDE\plugins\com.st.stm32cube.common.mx_6.9.2.202309101412\\db\/plugins/mcufinder/images/
2024-01-31 22:45:21,169 [WARN] DbFile:41 - Overriding database path with different value: C:\Users\maiha\.stmcufinder\plugins\mcufinder/ => C:\Users\maiha\.stmcufinder\plugins\mcufinder
2024-01-31 22:45:21,169 [INFO] ApiDb:250 - Set database path to: C:\Users\maiha\.stmcufinder\plugins\mcufinder//mcu/
2024-01-31 22:45:21,169 [WARN] DbFile:41 - Overriding database path with different value: C:\Users\maiha\.stmcufinder\plugins\mcufinder/ => C:\Users\maiha\.stmcufinder\plugins\mcufinder
2024-01-31 22:45:21,169 [INFO] DbMcusAds:125 - Set database path to: C:\Users\maiha\.stmcufinder\plugins\mcufinder//mcu/
2024-01-31 22:45:21,169 [WARN] DbFile:41 - Overriding database path with different value: C:\Users\maiha\.stmcufinder\plugins\mcufinder/ => C:\Users\maiha\.stmcufinder\plugins\mcufinder
2024-01-31 22:45:21,169 [WARN] DbFile:41 - Overriding database path with different value: C:\Users\maiha\.stmcufinder\plugins\mcufinder/ => C:\Users\maiha\.stmcufinder\plugins\mcufinder
2024-01-31 22:45:21,169 [INFO] CrossReferenceDbSqlite:203 - Set database path to: C:\Users\maiha\.stmcufinder\plugins\mcufinder//mcu/cs/
2024-01-31 22:45:21,209 [INFO] ApplicationProperties:184 - Using Application install path: C:\ST\STM32CubeIDE_1.13.2\STM32CubeIDE\plugins\com.st.stm32cube.common.mx_6.9.2.202309101412
2024-01-31 22:45:21,211 [INFO] PluginManage:196 - Search for loadable plugins [exclusion list=, ]
2024-01-31 22:45:21,218 [INFO] PluginManage:310 - Check plugin analytics
2024-01-31 22:45:21,578 [INFO] AnalyticsPlugin:253 - Accepted Software Licenses: STM32CubeMX.6.9.2
2024-01-31 22:45:21,578 [INFO] AnalyticsPlugin:255 - Accepted CMSIS Pack Licenses: 
2024-01-31 22:45:21,578 [INFO] AnalyticsPlugin:257 - Accepted Firmware Licenses: FW.F4.1.27.0
2024-01-31 22:45:21,584 [INFO] PluginManage:359 - Loaded plugin analytics (category:tool,tabindex:-1)
2024-01-31 22:45:21,585 [INFO] PluginManage:310 - Check plugin cadmodel
2024-01-31 22:45:21,592 [INFO] CADModel:105 - Init CAD model plugin
2024-01-31 22:45:21,593 [INFO] PluginManage:359 - Loaded plugin cadmodel (category:power,tabindex:5)
2024-01-31 22:45:21,593 [INFO] PluginManage:310 - Check plugin clock
2024-01-31 22:45:21,627 [INFO] PluginManage:359 - Loaded plugin clock (category:base,tabindex:2)
2024-01-31 22:45:21,627 [INFO] PluginManage:310 - Check plugin ddr
2024-01-31 22:45:21,636 [INFO] PluginManage:359 - Loaded plugin ddr (category:tool,tabindex:6)
2024-01-31 22:45:21,636 [INFO] PluginManage:310 - Check plugin filemanager
2024-01-31 22:45:21,973 [INFO] PluginManage:359 - Loaded plugin filemanager (category:base,tabindex:10)
2024-01-31 22:45:21,973 [INFO] PluginManage:310 - Check plugin ipmanager
2024-01-31 22:45:21,986 [INFO] PluginManage:359 - Loaded plugin ipmanager (category:base,tabindex:5)
2024-01-31 22:45:21,987 [INFO] PluginManage:310 - Check plugin lpbam
2024-01-31 22:45:22,002 [INFO] PluginManage:359 - Loaded plugin lpbam (category:base,tabindex:0)
2024-01-31 22:45:22,002 [INFO] PluginManage:310 - Check plugin memorymap
2024-01-31 22:45:22,032 [INFO] PluginManage:359 - Loaded plugin memorymap (category:base,tabindex:4)
2024-01-31 22:45:22,032 [INFO] PluginManage:310 - Check plugin pinoutandconfiguration
2024-01-31 22:45:22,048 [INFO] PluginManage:359 - Loaded plugin pinoutandconfiguration (category:base,tabindex:1)
2024-01-31 22:45:22,048 [INFO] PluginManage:310 - Check plugin pinoutconfig
2024-01-31 22:45:22,219 [WARN] SupportedApi:132 - Cannot load RTOS API schema: s4s-elt-must-match.1: The content of 'definitions' must match (annotation?, (simpleType | complexType)?, (unique | key | keyref)*)). A problem was found starting at: attribute.
2024-01-31 22:45:22,537 [INFO] PluginManage:359 - Loaded plugin pinoutconfig (category:base,tabindex:0)
2024-01-31 22:45:22,537 [INFO] PluginManage:310 - Check plugin power
2024-01-31 22:45:22,555 [INFO] PluginManage:359 - Loaded plugin power (category:power,tabindex:4)
2024-01-31 22:45:22,555 [INFO] PluginManage:310 - Check plugin projectmanager
2024-01-31 22:45:22,576 [INFO] PluginManage:359 - Loaded plugin projectmanager (category:projectmanager,tabindex:3)
2024-01-31 22:45:22,576 [INFO] PluginManage:310 - Check plugin thirdparty
2024-01-31 22:45:22,767 [WARN] IntegrityCheckThread:84 - waiting for thirdparty lock release [integrity check]
2024-01-31 22:45:22,768 [INFO] PluginManage:359 - Loaded plugin thirdparty (category:base,tabindex:-1)
2024-01-31 22:45:22,768 [INFO] IntegrityCheckThread:86 - entering critical section [integrity check]
2024-01-31 22:45:22,768 [INFO] PluginManage:310 - Check plugin tools
2024-01-31 22:45:22,770 [INFO] ThirdPartyUpdaterWithRetryManager:70 - Updater plugin not ready yet. [1/15]
2024-01-31 22:45:22,772 [INFO] PluginManage:359 - Loaded plugin tools (category:base,tabindex:7)
2024-01-31 22:45:22,772 [INFO] PluginManage:310 - Check plugin tutovideos
2024-01-31 22:45:23,099 [INFO] PluginManage:359 - Loaded plugin tutovideos (category:base,tabindex:-1)
2024-01-31 22:45:23,100 [INFO] PluginManage:310 - Check plugin updater
2024-01-31 22:45:23,122 [INFO] PluginManage:359 - Loaded plugin updater (category:base,tabindex:12)
2024-01-31 22:45:23,122 [INFO] PluginManage:310 - Check plugin userauth
2024-01-31 22:45:23,127 [INFO] LogOutputStream:77 - [STDOUT_REDIRECT] No digest algorithm is available to verify download of osgi.bundle,com.genuitec.eclipse.core.common.platform,2024.1.0.202401312140.
2024-01-31 22:45:23,129 [INFO] LogOutputStream:77 - [STDOUT_REDIRECT] No digest algorithm is available to verify download of osgi.bundle,com.genuitec.eclipse.meexplorer,2024.1.0.202401312140.
2024-01-31 22:45:23,132 [INFO] LogOutputStream:77 - [STDOUT_REDIRECT] No digest algorithm is available to verify download of osgi.bundle,com.genuitec.eclipse.core.common.rss,2024.1.0.202401312140.
2024-01-31 22:45:23,136 [INFO] UserAuth:113 - Init User Auth plugin
2024-01-31 22:45:23,136 [INFO] PluginManage:359 - Loaded plugin userauth (category:base,tabindex:14)
2024-01-31 22:45:23,138 [INFO] PluginManage:283 - PluginManage : Loaded plugins [17]
2024-01-31 22:45:23,688 [INFO] PinOutPanel:1499 - setPackage(No Configuration,No Configuration)
2024-01-31 22:45:23,889 [INFO] CADModel:165 - CPN selected for project level
2024-01-31 22:45:23,889 [INFO] CADModel:114 - Register for checkConnection events
2024-01-31 22:45:23,922 [INFO] IPUIPlugin:80 - create IPUIPlugin
2024-01-31 22:45:23,922 [INFO] PluginManager:220 - loadIPPluginJar : add adc
2024-01-31 22:45:23,926 [INFO] IPUIPlugin:80 - create IPUIPlugin
2024-01-31 22:45:23,926 [INFO] PluginManager:220 - loadIPPluginJar : add aes
2024-01-31 22:45:23,934 [INFO] IPUIPlugin:80 - create IPUIPlugin
2024-01-31 22:45:23,934 [INFO] PluginManager:220 - loadIPPluginJar : add can
2024-01-31 22:45:23,941 [INFO] IPUIPlugin:80 - create IPUIPlugin
2024-01-31 22:45:23,941 [INFO] PluginManager:220 - loadIPPluginJar : add comp
2024-01-31 22:45:23,947 [INFO] IPUIPlugin:80 - create IPUIPlugin
2024-01-31 22:45:23,948 [INFO] PluginManager:220 - loadIPPluginJar : add cryp
2024-01-31 22:45:23,953 [INFO] IPUIPlugin:80 - create IPUIPlugin
2024-01-31 22:45:23,953 [INFO] PluginManager:220 - loadIPPluginJar : add dfsdm
2024-01-31 22:45:23,962 [INFO] IPUIPlugin:80 - create IPUIPlugin
2024-01-31 22:45:23,963 [INFO] PluginManager:220 - loadIPPluginJar : add dma
2024-01-31 22:45:23,969 [INFO] IPUIPlugin:80 - create IPUIPlugin
2024-01-31 22:45:23,969 [INFO] PluginManager:220 - loadIPPluginJar : add dma3
2024-01-31 22:45:23,972 [INFO] IPUIPlugin:80 - create IPUIPlugin
2024-01-31 22:45:23,972 [INFO] PluginManager:220 - loadIPPluginJar : add fatfs
2024-01-31 22:45:23,978 [INFO] IPUIPlugin:80 - create IPUIPlugin
2024-01-31 22:45:23,979 [INFO] PluginManager:220 - loadIPPluginJar : add fmc
2024-01-31 22:45:23,992 [INFO] IPUIPlugin:80 - create IPUIPlugin
2024-01-31 22:45:23,992 [INFO] PluginManager:220 - loadIPPluginJar : add freertos
2024-01-31 22:45:23,995 [INFO] IPUIPlugin:80 - create IPUIPlugin
2024-01-31 22:45:23,995 [INFO] PluginManager:220 - loadIPPluginJar : add genericplugin
2024-01-31 22:45:23,999 [INFO] IPUIPlugin:80 - create IPUIPlugin
2024-01-31 22:45:24,000 [INFO] PluginManager:220 - loadIPPluginJar : add gfxmmu
2024-01-31 22:45:24,008 [INFO] IPUIPlugin:80 - create IPUIPlugin
2024-01-31 22:45:24,008 [INFO] PluginManager:220 - loadIPPluginJar : add gic
2024-01-31 22:45:24,013 [INFO] IPUIPlugin:80 - create IPUIPlugin
2024-01-31 22:45:24,013 [INFO] PluginManager:220 - loadIPPluginJar : add gpio
2024-01-31 22:45:24,020 [INFO] IPUIPlugin:80 - create IPUIPlugin
2024-01-31 22:45:24,020 [INFO] PluginManager:220 - loadIPPluginJar : add gtzc
2024-01-31 22:45:24,023 [INFO] IPUIPlugin:80 - create IPUIPlugin
2024-01-31 22:45:24,024 [INFO] PluginManager:220 - loadIPPluginJar : add hash
2024-01-31 22:45:24,028 [INFO] IPUIPlugin:80 - create IPUIPlugin
2024-01-31 22:45:24,028 [INFO] PluginManager:220 - loadIPPluginJar : add i2c
2024-01-31 22:45:24,034 [INFO] IPUIPlugin:80 - create IPUIPlugin
2024-01-31 22:45:24,034 [INFO] PluginManager:220 - loadIPPluginJar : add i2s
2024-01-31 22:45:24,038 [INFO] IPUIPlugin:80 - create IPUIPlugin
2024-01-31 22:45:24,038 [INFO] PluginManager:220 - loadIPPluginJar : add i3c
2024-01-31 22:45:24,041 [INFO] IPUIPlugin:80 - create IPUIPlugin
2024-01-31 22:45:24,041 [INFO] PluginManager:220 - loadIPPluginJar : add ipddr
2024-01-31 22:45:24,049 [INFO] IPUIPlugin:80 - create IPUIPlugin
2024-01-31 22:45:24,049 [INFO] PluginManager:220 - loadIPPluginJar : add linkedlist
2024-01-31 22:45:24,052 [INFO] IPUIPlugin:80 - create IPUIPlugin
2024-01-31 22:45:24,052 [INFO] PluginManager:220 - loadIPPluginJar : add lorawan
2024-01-31 22:45:24,054 [INFO] IPUIPlugin:80 - create IPUIPlugin
2024-01-31 22:45:24,054 [INFO] PluginManager:220 - loadIPPluginJar : add ltdc
2024-01-31 22:45:24,061 [INFO] IPUIPlugin:80 - create IPUIPlugin
2024-01-31 22:45:24,061 [INFO] PluginManager:220 - loadIPPluginJar : add mdma
2024-01-31 22:45:24,070 [INFO] IPUIPlugin:80 - create IPUIPlugin
2024-01-31 22:45:24,071 [INFO] PluginManager:220 - loadIPPluginJar : add nvic
2024-01-31 22:45:24,075 [INFO] IPUIPlugin:80 - create IPUIPlugin
2024-01-31 22:45:24,075 [INFO] PluginManager:220 - loadIPPluginJar : add opamp
2024-01-31 22:45:24,082 [INFO] IPUIPlugin:80 - create IPUIPlugin
2024-01-31 22:45:24,082 [INFO] PluginManager:220 - loadIPPluginJar : add openamp
2024-01-31 22:45:24,088 [INFO] IPUIPlugin:80 - create IPUIPlugin
2024-01-31 22:45:24,088 [INFO] PluginManager:220 - loadIPPluginJar : add pdm2pcm
2024-01-31 22:45:24,095 [INFO] IPUIPlugin:80 - create IPUIPlugin
2024-01-31 22:45:24,099 [INFO] PluginManager:220 - loadIPPluginJar : add plateformsettings
2024-01-31 22:45:24,103 [INFO] IPUIPlugin:80 - create IPUIPlugin
2024-01-31 22:45:24,104 [INFO] PluginManager:220 - loadIPPluginJar : add quadspi
2024-01-31 22:45:24,114 [INFO] IPUIPlugin:80 - create IPUIPlugin
2024-01-31 22:45:24,114 [INFO] PluginManager:220 - loadIPPluginJar : add resmgrutility
2024-01-31 22:45:24,119 [INFO] IPUIPlugin:80 - create IPUIPlugin
2024-01-31 22:45:24,119 [INFO] PluginManager:220 - loadIPPluginJar : add sai
2024-01-31 22:45:24,124 [INFO] IPUIPlugin:80 - create IPUIPlugin
2024-01-31 22:45:24,124 [INFO] PluginManager:220 - loadIPPluginJar : add spi
2024-01-31 22:45:24,130 [INFO] IPUIPlugin:80 - create IPUIPlugin
2024-01-31 22:45:24,131 [INFO] PluginManager:220 - loadIPPluginJar : add stm32_wpan
2024-01-31 22:45:24,135 [INFO] IPUIPlugin:80 - create IPUIPlugin
2024-01-31 22:45:24,135 [INFO] PluginManager:220 - loadIPPluginJar : add tim
2024-01-31 22:45:24,143 [INFO] IPUIPlugin:80 - create IPUIPlugin
2024-01-31 22:45:24,143 [INFO] PluginManager:220 - loadIPPluginJar : add touchsensing
2024-01-31 22:45:24,147 [INFO] IPUIPlugin:80 - create IPUIPlugin
2024-01-31 22:45:24,147 [INFO] PluginManager:220 - loadIPPluginJar : add tracer_emb
2024-01-31 22:45:24,151 [INFO] IPUIPlugin:80 - create IPUIPlugin
2024-01-31 22:45:24,151 [INFO] PluginManager:220 - loadIPPluginJar : add ts
2024-01-31 22:45:24,155 [INFO] IPUIPlugin:80 - create IPUIPlugin
2024-01-31 22:45:24,155 [INFO] PluginManager:220 - loadIPPluginJar : add tsc
2024-01-31 22:45:24,158 [INFO] IPUIPlugin:80 - create IPUIPlugin
2024-01-31 22:45:24,158 [INFO] PluginManager:220 - loadIPPluginJar : add ucpd
2024-01-31 22:45:24,162 [INFO] IPUIPlugin:80 - create IPUIPlugin
2024-01-31 22:45:24,162 [INFO] PluginManager:220 - loadIPPluginJar : add usart
2024-01-31 22:45:24,167 [INFO] IPUIPlugin:80 - create IPUIPlugin
2024-01-31 22:45:24,168 [INFO] PluginManager:220 - loadIPPluginJar : add usbx
2024-01-31 22:45:24,314 [INFO] CADModel:165 - CPN selected for project level
2024-01-31 22:45:24,315 [INFO] CADModel:114 - Register for checkConnection events
2024-01-31 22:45:24,315 [FATAL] Updater:308 - Updater called before beeing initialized
2024-01-31 22:45:24,315 [ERROR] CADModel:125 - Updater not yet initialized, retry later 
2024-01-31 22:45:24,514 [INFO] CADModel:165 - CPN selected for project level
2024-01-31 22:45:24,514 [INFO] CADModel:114 - Register for checkConnection events
2024-01-31 22:45:24,514 [FATAL] Updater:308 - Updater called before beeing initialized
2024-01-31 22:45:24,514 [ERROR] CADModel:125 - Updater not yet initialized, retry later 
2024-01-31 22:45:24,518 [FATAL] Updater:308 - Updater called before beeing initialized
2024-01-31 22:45:24,605 [FATAL] Updater:308 - Updater called before beeing initialized
2024-01-31 22:45:24,613 [INFO] DbMcusAds:53 - JSON generation date=Tue Mar 07 00:50:55 PST 2023 (1678179055335)
2024-01-31 22:45:24,613 [FATAL] Updater:308 - Updater called before beeing initialized
2024-01-31 22:45:24,671 [WARN] DetailPanel:346 - Failed to get advertising image, set to default
2024-01-31 22:45:24,744 [FATAL] Updater:308 - Updater called before beeing initialized
2024-01-31 22:45:24,754 [FATAL] Updater:308 - Updater called before beeing initialized
2024-01-31 22:45:24,755 [FATAL] Updater:308 - Updater called before beeing initialized
2024-01-31 22:45:24,755 [WARN] DetailPanel:346 - Failed to get advertising image, set to default
2024-01-31 22:45:24,755 [FATAL] Updater:308 - Updater called before beeing initialized
2024-01-31 22:45:24,813 [ERROR] Updater:1120 - MainUpdater not yet initialized. External WinMGr cannot be set.
2024-01-31 22:45:24,816 [INFO] Updater:1056 - Updater Version found : 6.9.2
2024-01-31 22:45:24,852 [INFO] ApplicationProperties:184 - Using Application install path: C:\ST\STM32CubeIDE_1.13.2\STM32CubeIDE\plugins\com.st.stm32cube.common.mx_6.9.2.202309101412
2024-01-31 22:45:25,125 [INFO] MainUpdater:2868 - connection check result : 10
2024-01-31 22:45:25,125 [INFO] MainUpdater:3562 - Updater definition file requires update
2024-01-31 22:45:25,126 [INFO] MainUpdater:285 - Updater Check For Update Now.
2024-01-31 22:45:25,127 [INFO] MicroXplorer:498 - Change Database Version : DB.6.0.92
2024-01-31 22:45:25,150 [INFO] McuFinderGlobals:63 - Set McuFinder mode to 2 (CubeIDE integrated)
2024-01-31 22:45:25,203 [INFO] ServerAccessManage:473 - Download File updaters.zip
2024-01-31 22:45:25,290 [INFO] FileExtend:240 - Unzip File : updaters.zip
2024-01-31 22:45:25,291 [INFO] FileExtend:255 - Standard Zip Deflate
2024-01-31 22:45:25,739 [INFO] ServerAccessManage:473 - Download File PacksControlFlags.xml
2024-01-31 22:45:25,771 [WARN] MainUpdater:1189 - Updater busy. Cannot search thirdparties
2024-01-31 22:45:25,772 [INFO] ThirdPartyUpdaterWithRetryManager:96 - Updater plugin is busy. [1/15]
2024-01-31 22:45:25,854 [INFO] ServerAccessManage:473 - Download File cubemx.pidx
2024-01-31 22:45:25,979 [ERROR] LogOutputStream:75 - [STDERR_REDIRECT] Jan 31, 2024 10:45:25 PM org.glassfish.grizzly.http.server.NetworkListener start
2024-01-31 22:45:25,980 [ERROR] LogOutputStream:75 - [STDERR_REDIRECT] INFO: Started listener bound to [localhost:1598]
2024-01-31 22:45:25,980 [ERROR] LogOutputStream:75 - [STDERR_REDIRECT] 
2024-01-31 22:45:25,982 [ERROR] LogOutputStream:75 - [STDERR_REDIRECT] Jan 31, 2024 10:45:25 PM org.glassfish.grizzly.http.server.HttpServer start
2024-01-31 22:45:25,983 [ERROR] LogOutputStream:75 - [STDERR_REDIRECT] INFO: [HttpServer] Started.
2024-01-31 22:45:25,984 [ERROR] LogOutputStream:75 - [STDERR_REDIRECT] 
2024-01-31 22:45:26,270 [INFO] ServerAccessManage:473 - Download File STMicroelectronics.FP-SNS-MOTENVWB1.pdsc
2024-01-31 22:45:26,602 [INFO] ServerAccessManage:473 - Download File STMicroelectronics.X-CUBE-EEPRMA1.pdsc
2024-01-31 22:45:27,225 [ERROR] ServerAccessManage:1089 - Problem, file not found on Server
2024-01-31 22:45:27,884 [ERROR] ServerAccessManage:1089 - Problem, file not found on Server
2024-01-31 22:45:28,124 [INFO] ServerAccessManage:473 - Download File STMicroelectronics.X-CUBE-ISPU.pdsc
2024-01-31 22:45:28,529 [INFO] ServerAccessManage:473 - Download File STMicroelectronics.X-CUBE-TOUCHGFX.pdsc
2024-01-31 22:45:28,772 [WARN] MainUpdater:1189 - Updater busy. Cannot search thirdparties
2024-01-31 22:45:28,772 [INFO] ThirdPartyUpdaterWithRetryManager:96 - Updater plugin is busy. [2/15]
2024-01-31 22:45:29,654 [INFO] ServerAccessManage:473 - Download File STMicroelectronics.X-CUBE-AZRTOS-H7.pdsc
2024-01-31 22:45:30,782 [ERROR] ServerAccessManage:1096 - Problem, Http access forbiden
2024-01-31 22:45:30,782 [ERROR] ServerAccessManage:651 - Problem, Http access forbiden : RoweBots.I-CUBE-UNISONRTOS.pdsc.
2024-01-31 22:45:30,976 [WARN] PackLoader:240 - Cannot read IP mode file for STMicroelectronics.FP-SNS-MOTENVWB1.1.3.1
2024-01-31 22:45:30,992 [WARN] PackLoader:240 - Cannot read IP mode file for STMicroelectronics.X-CUBE-EEPRMA1.5.1.0
2024-01-31 22:45:30,997 [WARN] PackLoader:240 - Cannot read IP mode file for STMicroelectronics.X-CUBE-ISPU.2.0.0
2024-01-31 22:45:31,001 [WARN] PackLoader:240 - Cannot read IP mode file for STMicroelectronics.X-CUBE-TOUCHGFX.4.23.0
2024-01-31 22:45:31,019 [WARN] PackLoader:240 - Cannot read IP mode file for STMicroelectronics.X-CUBE-AZRTOS-H7.3.2.0
2024-01-31 22:45:31,022 [INFO] PopulateThirdPartyThread:66 - Ending populate Thread
2024-01-31 22:45:31,024 [INFO] ThirdParty:1030 - CMSIS Pack Vendor :STMicroelectronics X-CUBE-EEPRMA1 5.1.0
2024-01-31 22:45:31,024 [INFO] ThirdParty:1030 - CMSIS Pack Vendor :STMicroelectronics FP-SNS-MOTENVWB1 1.3.1
2024-01-31 22:45:31,024 [INFO] ThirdParty:1030 - CMSIS Pack Vendor :STMicroelectronics X-CUBE-TOUCHGFX 4.23.0
2024-01-31 22:45:31,024 [INFO] ThirdParty:1030 - CMSIS Pack Vendor :STMicroelectronics X-CUBE-AZRTOS-H7 3.2.0
2024-01-31 22:45:31,024 [INFO] ThirdParty:1030 - CMSIS Pack Vendor :STMicroelectronics X-CUBE-ISPU 2.0.0
2024-01-31 22:45:31,024 [INFO] LoadServerUpdatesThread:373 - End of LoadServerUpdate Thread
2024-01-31 22:45:31,069 [INFO] CheckServerUpdateThread:120 - End of CheckServer Thread
2024-01-31 22:45:31,955 [WARN] PackLoader:240 - Cannot read IP mode file for STMicroelectronics.X-CUBE-SMBUS.2.1.0
2024-01-31 22:45:31,959 [WARN] PackLoader:240 - Cannot read IP mode file for STMicroelectronics.X-CUBE-TOUCHGFX.4.23.0
2024-01-31 22:45:31,992 [WARN] PackLoader:240 - Cannot read IP mode file for STMicroelectronics.X-CUBE-AZRTOS-F7.1.1.0
2024-01-31 22:45:32,014 [WARN] PackLoader:240 - Cannot read IP mode file for STMicroelectronics.FP-SNS-MOTENV1.4.3.2
2024-01-31 22:45:32,022 [WARN] PackLoader:240 - Cannot read IP mode file for STMicroelectronics.FP-SNS-FLIGHT1.5.0.2
2024-01-31 22:45:32,037 [WARN] PackLoader:240 - Cannot read IP mode file for STMicroelectronics.X-CUBE-DISPLAY.3.0.0
2024-01-31 22:45:32,053 [WARN] PackLoader:240 - Cannot read IP mode file for STMicroelectronics.X-CUBE-BLE1.7.0.0
2024-01-31 22:45:32,067 [WARN] PackLoader:240 - Cannot read IP mode file for emotas.I-CUBE-CANOPEN.1.3.0
2024-01-31 22:45:32,078 [WARN] PackLoader:240 - Cannot read IP mode file for STMicroelectronics.X-CUBE-TOUCHGFX.4.22.0
2024-01-31 22:45:32,086 [WARN] PackLoader:240 - Cannot read IP mode file for STMicroelectronics.X-CUBE-TOUCHGFX.4.22.1
2024-01-31 22:45:32,098 [WARN] PackLoader:240 - Cannot read IP mode file for STMicroelectronics.FP-SNS-SMARTAG2.1.2.0
2024-01-31 22:45:32,118 [INFO] LogOutputStream:77 - [STDOUT_REDIRECT] 1 : Invalid condition id : UX_CORESTACK_Condition cause : null
2024-01-31 22:45:32,119 [INFO] LogOutputStream:77 - [STDOUT_REDIRECT] 1 : Invalid condition id : UX_CORESTACK_Condition cause : null
2024-01-31 22:45:32,119 [INFO] LogOutputStream:77 - [STDOUT_REDIRECT] 1 : Invalid condition id : UX_CORESTACK_Condition cause : null
2024-01-31 22:45:32,120 [INFO] LogOutputStream:77 - [STDOUT_REDIRECT] 1 : Invalid condition id : UX_CORESTACK_Condition cause : null
2024-01-31 22:45:32,121 [INFO] LogOutputStream:77 - [STDOUT_REDIRECT] 1 : Invalid condition id : UX_CORESTACK_Condition cause : null
2024-01-31 22:45:32,123 [WARN] PackLoader:240 - Cannot read IP mode file for STMicroelectronics.X-CUBE-AZRTOS-WL.2.0.0
2024-01-31 22:45:32,140 [WARN] PackLoader:240 - Cannot read IP mode file for WES.I-CUBE-Cesium.1.3.0
2024-01-31 22:45:32,155 [WARN] PackLoader:240 - Cannot read IP mode file for STMicroelectronics.X-CUBE-BLE2.3.3.0
2024-01-31 22:45:32,168 [WARN] PackLoader:240 - Cannot read IP mode file for STMicroelectronics.X-CUBE-ALGOBUILD.1.3.0
2024-01-31 22:45:32,187 [WARN] PackLoader:240 - Cannot read IP mode file for STMicroelectronics.X-CUBE-AZRTOS-G0.1.1.0
2024-01-31 22:45:32,201 [WARN] PackLoader:240 - Cannot read IP mode file for STMicroelectronics.X-CUBE-NFC4.3.0.0
2024-01-31 22:45:32,218 [WARN] PackLoader:240 - Cannot read IP mode file for STMicroelectronics.X-CUBE-BLEMGR.3.0.0
2024-01-31 22:45:32,225 [WARN] PackLoader:240 - Cannot read IP mode file for STMicroelectronics.FP-ATR-SIGFOX1.3.2.0
2024-01-31 22:45:32,231 [WARN] PackLoader:240 - Cannot read IP mode file for STMicroelectronics.X-CUBE-EEPRMA1.5.1.0
2024-01-31 22:45:32,262 [WARN] PackLoader:240 - Cannot read IP mode file for SEGGER.I-CUBE-embOS.1.3.1
2024-01-31 22:45:32,294 [WARN] PackLoader:240 - Cannot read IP mode file for STMicroelectronics.X-CUBE-GNSS1.6.0.0
2024-01-31 22:45:32,319 [WARN] PackLoader:240 - Cannot read IP mode file for STMicroelectronics.X-CUBE-AZRTOS-F4.1.1.0
2024-01-31 22:45:32,335 [WARN] PackLoader:240 - Cannot read IP mode file for wolfSSL.I-CUBE-wolfSSL.5.6.3
2024-01-31 22:45:32,363 [WARN] PackLoader:240 - Cannot read IP mode file for STMicroelectronics.X-CUBE-AZRTOS-L5.2.0.0
2024-01-31 22:45:32,429 [WARN] PackLoader:240 - Cannot read IP mode file for STMicroelectronics.X-CUBE-MEMS1.9.6.0
2024-01-31 22:45:32,515 [WARN] PackLoader:240 - Cannot read IP mode file for STMicroelectronics.X-CUBE-EEPRMA1.4.2.0
2024-01-31 22:45:32,537 [WARN] PackLoader:240 - Cannot read IP mode file for ITTIA_DB.I-CUBE-ITTIADB.8.8.0
2024-01-31 22:45:32,550 [WARN] PackLoader:240 - Cannot read IP mode file for STMicroelectronics.X-CUBE-BLEMGR.2.0.0
2024-01-31 22:45:32,583 [WARN] ConditionMgr:438 - getConditionDescription Invalid condition id : UX DEVICE CLASS RTOS Condition cause : null
2024-01-31 22:45:32,583 [WARN] ConditionMgr:438 - getConditionDescription Invalid condition id : UX DEVICE CLASS RTOS Condition cause : null
2024-01-31 22:45:32,585 [WARN] PackLoader:240 - Cannot read IP mode file for STMicroelectronics.X-CUBE-AZRTOS-H7.3.1.0
2024-01-31 22:45:32,587 [WARN] ConditionMgr:1039 - genDependencies : Invalid condition id : UX DEVICE CLASS RTOS Condition cause : null
2024-01-31 22:45:32,587 [WARN] ConditionMgr:1039 - genDependencies : Invalid condition id : UX DEVICE CLASS RTOS Condition cause : null
2024-01-31 22:45:32,587 [WARN] ConditionMgr:1039 - genDependencies : Invalid condition id : UX DEVICE CLASS RTOS Condition cause : null
2024-01-31 22:45:32,587 [WARN] ConditionMgr:1039 - genDependencies : Invalid condition id : UX DEVICE CLASS RTOS Condition cause : null
2024-01-31 22:45:32,587 [WARN] ConditionMgr:1039 - genDependencies : Invalid condition id : UX DEVICE CLASS RTOS Condition cause : null
2024-01-31 22:45:32,605 [WARN] PackLoader:240 - Cannot read IP mode file for STMicroelectronics.X-CUBE-NFC7.1.0.1
2024-01-31 22:45:32,624 [WARN] PackLoader:240 - Cannot read IP mode file for STMicroelectronics.X-CUBE-NFC6.3.0.0
2024-01-31 22:45:32,637 [WARN] PackLoader:240 - Cannot read IP mode file for STMicroelectronics.X-CUBE-EEPRMA1.4.1.0
2024-01-31 22:45:32,651 [WARN] PackLoader:240 - Cannot read IP mode file for STMicroelectronics.X-CUBE-AI.8.1.0
2024-01-31 22:45:32,675 [WARN] ConditionMgr:438 - getConditionDescription Invalid condition id : LAN8742 Phy interface Condition cause : null
2024-01-31 22:45:32,675 [WARN] PackLoader:240 - Cannot read IP mode file for STMicroelectronics.X-CUBE-AZRTOS-L4.2.0.0
2024-01-31 22:45:32,676 [WARN] ConditionMgr:1039 - genDependencies : Invalid condition id : LAN8742 Phy interface Condition cause : null
2024-01-31 22:45:32,676 [WARN] ConditionMgr:1039 - genDependencies : Invalid condition id : LAN8742 Phy interface Condition cause : null
2024-01-31 22:45:32,676 [WARN] ConditionMgr:1039 - genDependencies : Invalid condition id : LAN8742 Phy interface Condition cause : null
2024-01-31 22:45:32,691 [WARN] PackLoader:240 - Cannot read IP mode file for STMicroelectronics.X-CUBE-SFXS2LP1.4.0.0
2024-01-31 22:45:32,704 [WARN] PackLoader:240 - Cannot read IP mode file for STMicroelectronics.X-CUBE-ISPU.1.1.0
2024-01-31 22:45:32,724 [WARN] ConditionMgr:438 - getConditionDescription Invalid condition id : UX DEVICE CLASS RTOS Condition cause : null
2024-01-31 22:45:32,724 [WARN] ConditionMgr:438 - getConditionDescription Invalid condition id : UX DEVICE CLASS RTOS Condition cause : null
2024-01-31 22:45:32,725 [WARN] PackLoader:240 - Cannot read IP mode file for STMicroelectronics.X-CUBE-AZRTOS-WB.2.0.0
2024-01-31 22:45:32,725 [WARN] ConditionMgr:1039 - genDependencies : Invalid condition id : UX DEVICE CLASS RTOS Condition cause : null
2024-01-31 22:45:32,725 [WARN] ConditionMgr:1039 - genDependencies : Invalid condition id : UX DEVICE CLASS RTOS Condition cause : null
2024-01-31 22:45:32,726 [WARN] ConditionMgr:1039 - genDependencies : Invalid condition id : UX DEVICE CLASS RTOS Condition cause : null
2024-01-31 22:45:32,726 [WARN] ConditionMgr:1039 - genDependencies : Invalid condition id : UX DEVICE CLASS RTOS Condition cause : null
2024-01-31 22:45:32,726 [WARN] ConditionMgr:1039 - genDependencies : Invalid condition id : UX DEVICE CLASS RTOS Condition cause : null
2024-01-31 22:45:32,743 [WARN] PackLoader:240 - Cannot read IP mode file for STMicroelectronics.X-CUBE-SUBG2.5.0.0
2024-01-31 22:45:32,761 [WARN] PackLoader:240 - Cannot read IP mode file for STMicroelectronics.X-CUBE-TOF1.3.3.1
2024-01-31 22:45:32,786 [WARN] PackLoader:240 - Cannot read IP mode file for STMicroelectronics.X-CUBE-AZRTOS-G4.2.0.0
2024-01-31 22:45:32,808 [WARN] PackLoader:240 - Cannot read IP mode file for Infineon.AIROC-Wi-Fi-Bluetooth-STM32.1.5.1
2024-01-31 22:45:32,814 [WARN] PackLoader:240 - Cannot read IP mode file for STMicroelectronics.FP-SNS-MOTENVWB1.1.3.0
2024-01-31 22:45:32,816 [WARN] PackLoader:240 - Cannot read IP mode file for STMicroelectronics.FP-SNS-MOTENVWB1.1.3.1
2024-01-31 22:45:32,819 [WARN] PackLoader:240 - Cannot read IP mode file for STMicroelectronics.X-CUBE-ISPU.2.0.0
2024-01-31 22:45:32,858 [WARN] PackLoader:240 - Cannot read IP mode file for STMicroelectronics.X-CUBE-MEMS1.10.0.0
2024-01-31 22:45:32,917 [WARN] PackLoader:240 - Cannot read IP mode file for STMicroelectronics.X-CUBE-FREERTOS.1.1.0
2024-01-31 22:45:32,937 [WARN] PackLoader:240 - Cannot read IP mode file for portGmbH.I-Cube-SoM-uGOAL.1.1.0
2024-01-31 22:45:32,951 [WARN] PackLoader:240 - Cannot read IP mode file for STMicroelectronics.X-CUBE-ALS.1.0.1
2024-01-31 22:45:32,956 [WARN] PackLoader:240 - Cannot read IP mode file for STMicroelectronics.FP-ATR-ASTRA1.2.0.0
2024-01-31 22:45:32,970 [WARN] PackLoader:240 - Cannot read IP mode file for STMicroelectronics.X-CUBE-TOF1.3.4.0
2024-01-31 22:45:32,982 [WARN] PackLoader:240 - Cannot read IP mode file for STMicroelectronics.X-CUBE-AZRTOS-H7.3.2.0
2024-01-31 22:45:32,985 [INFO] ThirdParty:978 - Integrity check success = true
2024-01-31 22:45:32,985 [INFO] IntegrityCheckThread:100 - exiting critical section [integrity check]
2024-01-31 22:45:32,985 [INFO] IntegrityCheckThread:103 - End integrity checks thread
2024-01-31 22:45:38,010 [ERROR] LogOutputStream:75 - [STDERR_REDIRECT] 
